app/build/outputs/logs/manifest-merger-debug-report.txt
-- Merging decision tree log ---
manifest
ADDED from src\main\AndroidManifest.xml:2:1-47:12
	package
		ADDED from src\main\AndroidManifest.xml:3:5-29
		INJECTED from src\main\AndroidManifest.xml
		INJECTED from src\main\AndroidManifest.xml
	android:versionName
		ADDED from src\main\AndroidManifest.xml:6:5-32
		INJECTED from src\main\AndroidManifest.xml
		INJECTED from src\main\AndroidManifest.xml
	android:hardwareAccelerated
		ADDED from src\main\AndroidManifest.xml:4:5-39
	android:versionCode
		ADDED from src\main\AndroidManifest.xml:5:5-32
		INJECTED from src\main\AndroidManifest.xml
		INJECTED from src\main\AndroidManifest.xml
	xmlns:android
		ADDED from src\main\AndroidManifest.xml:2:11-69
supports-screens
ADDED from src\main\AndroidManifest.xml:8:5-14:40
	android:largeScreens
		ADDED from src\main\AndroidManifest.xml:10:9-36
	android:smallScreens
		ADDED from src\main\AndroidManifest.xml:13:9-36
	android:normalScreens
		ADDED from src\main\AndroidManifest.xml:11:9-37
	android:xlargeScreens
		ADDED from src\main\AndroidManifest.xml:14:9-37
	android:resizeable
		ADDED from src\main\AndroidManifest.xml:12:9-34
	android:anyDensity
		ADDED from src\main\AndroidManifest.xml:9:9-34
uses-permission#android.permission.INTERNET
ADDED from src\main\AndroidManifest.xml:15:5-67
	android:name
		ADDED from src\main\AndroidManifest.xml:15:22-64
application
ADDED from src\main\AndroidManifest.xml:16:5-42:19
MERGED from [com.android.support:support-v4:24.1.1] AndroidManifest.xml:25:5-20
	android:label
		ADDED from src\main\AndroidManifest.xml:19:9-41
	android:supportsRtl
		ADDED from src\main\AndroidManifest.xml:20:9-35
	android:hardwareAccelerated
		ADDED from src\main\AndroidManifest.xml:17:9-43
	android:icon
		ADDED from src\main\AndroidManifest.xml:18:9-36
activity#com.moxi.hello.MainActivity
ADDED from src\main\AndroidManifest.xml:21:9-32:20
	android:label
		ADDED from src\main\AndroidManifest.xml:24:13-50
	android:launchMode
		ADDED from src\main\AndroidManifest.xml:25:13-43
	android:windowSoftInputMode
		ADDED from src\main\AndroidManifest.xml:27:13-55
	android:configChanges
		ADDED from src\main\AndroidManifest.xml:23:13-90
	android:theme
		ADDED from src\main\AndroidManifest.xml:26:13-75
	android:name
		ADDED from src\main\AndroidManifest.xml:22:13-40
intent-filter#android.intent.action.MAIN+android.intent.category.LAUNCHER
ADDED from src\main\AndroidManifest.xml:28:13-31:29
	android:label
		ADDED from src\main\AndroidManifest.xml:28:28-65
action#android.intent.action.MAIN
ADDED from src\main\AndroidManifest.xml:29:17-69
	android:name
		ADDED from src\main\AndroidManifest.xml:29:25-66
category#android.intent.category.LAUNCHER
ADDED from src\main\AndroidManifest.xml:30:17-77
	android:name
		ADDED from src\main\AndroidManifest.xml:30:27-74
provider#org.apache.cordova.camera.FileProvider
ADDED from src\main\AndroidManifest.xml:33:9-41:20
	android:authorities
		ADDED from src\main\AndroidManifest.xml:35:13-60
		INJECTED from src\main\AndroidManifest.xml
	android:grantUriPermissions
		ADDED from src\main\AndroidManifest.xml:37:13-47
	android:exported
		ADDED from src\main\AndroidManifest.xml:36:13-37
	android:name
		ADDED from src\main\AndroidManifest.xml:34:13-66
meta-data#android.support.FILE_PROVIDER_PATHS
ADDED from src\main\AndroidManifest.xml:38:13-40:65
	android:resource
		ADDED from src\main\AndroidManifest.xml:40:17-62
	android:name
		ADDED from src\main\AndroidManifest.xml:39:17-67
uses-sdk
ADDED from src\main\AndroidManifest.xml:43:5-45:41
MERGED from [org.apache.cordova:CordovaLib:7.0.0:release] AndroidManifest.xml:25:5-44
MERGED from [com.android.support:support-v4:24.1.1] AndroidManifest.xml:21:5-23:54
	tools:overrideLibrary
		ADDED from [com.android.support:support-v4:24.1.1] AndroidManifest.xml:23:9-51
	android:targetSdkVersion
		ADDED from src\main\AndroidManifest.xml:45:9-38
	android:minSdkVersion
		ADDED from src\main\AndroidManifest.xml:44:9-35
uses-permission#android.permission.WRITE_EXTERNAL_STORAGE
ADDED from src\main\AndroidManifest.xml:46:5-81
	android:name
		ADDED from src\main\AndroidManifest.xml:46:22-78